C51 COMPILER V9.53.0.0   WAVEFORM_TWO                                                      01/11/2019 15:16:06 PAGE 1   


C51 COMPILER V9.53.0.0, COMPILATION OF MODULE WAVEFORM_TWO
OBJECT MODULE PLACED IN waveform_two.OBJ
COMPILER INVOKED BY: F:\keil\C51\BIN\C51.EXE waveform_two.c OPTIMIZE(8,SPEED) BROWSE DEBUG OBJECTEXTEND TABS(2)

line level    source

   1          #include<reg52.h>
   2          #define uchar unsigned char
   3          #define uint unsigned int
   4          uint flag = 1;//1.?? 2.??? 3.??? 4.??? 5.???
   5          uint juchif = 0;//?????????
   6          uint sanjiaof = 0;
   7          uint tixingf = 0;
   8          uint f = 0;//??????????????
   9          uint fangbo_delay_halfT = 10;//?????????,???ms,???????????
  10          uint juchi_delay_add = 10;//?????????,???1,???????????
  11          uint zhengxian_delay_add = 10;//?????????????,???????
  12          uint sanjiao_delay_addorde = 1;//??????????,???????????
  13          uint tixing_delay_f_addorde = 1;//??????????,???????
  14          uint tixing_delay_f_peak;//?????????????,???????
  15          sbit fangbo = P1^0;//????
  16          sbit juchi = P1^1;
  17          sbit zhengxian = P1^2;
  18          sbit sanjiao = P1^3;
  19          sbit tixing = P1^4;
  20          sbit p_add = P1^5;//????
  21          sbit p_decrease = P1^6;//????
  22          uchar code sin1[256]={//???????,???????
  23          0x80,0x83,0x86,0x89,0x8D,0x90,0x93,0x96,0x99,0x9C,0x9F,0xA2,0xA5,0xA8,0xAB,0xAE,
  24          0xB1,0xB4,0xB7,0xBA,0xBC,0xBF,0xC2,0xC5,0xC7,0xCA,0xCC,0xCF,0xD1,0xD4,0xD6,0xD8,
  25          0xDA,0xDD,0xDF,0xE1,0xE3,0xE5,0xE7,0xE9,0xEA,0xEC,0xEE,0xEF,0xF1,0xF2,0xF4,0xF5,
  26          0xF6,0xF7,0xF8,0xF9,0xFA,0xFB,0xFC,0xFD,0xFD,0xFE,0xFF,0xFF,0xFF,0xFF,0xFF,0xFF,
  27          0xFF,0xFF,0xFF,0xFF,0xFF,0xFF,0xFE,0xFD,0xFD,0xFC,0xFB,0xFA,0xF9,0xF8,0xF7,0xF6,
  28          0xF5,0xF4,0xF2,0xF1,0xEF,0xEE,0xEC,0xEA,0xE9,0xE7,0xE5,0xE3,0xE1,0xDE,0xDD,0xDA,
  29          0xD8,0xD6,0xD4,0xD1,0xCF,0xCC,0xCA,0xC7,0xC5,0xC2,0xBF,0xBC,0xBA,0xB7,0xB4,0xB1,
  30          0xAE,0xAB,0xA8,0xA5,0xA2,0x9F,0x9C,0x99,0x96,0x93,0x90,0x8D,0x89,0x86,0x83,0x80,
  31          0x80,0x7C,0x79,0x78,0x72,0x6F,0x6C,0x69,0x66,0x63,0x60,0x5D,0x5A,0x57,0x55,0x51,
  32          0x4E,0x4C,0x48,0x45,0x43,0x40,0x3D,0x3A,0x38,0x35,0x33,0x30,0x2E,0x2B,0x29,0x27,
  33          0x25,0x22,0x20,0x1E,0x1C,0x1A,0x18,0x16,0x15,0x13,0x11,0x10,0x0E,0x0D,0x0B,0x0A,
  34          0x09,0x08,0x07,0x06,0x05,0x04,0x03,0x02,0x02,0x01,0x00,0x00,0x00,0x00,0x00,0x00,
  35          0x00,0x00,0x00,0x00,0x00,0x00,0x01,0x02,0x02,0x03,0x04,0x05,0x06,0x07,0x08,0x09,
  36          0x0A,0x0B,0x0D,0x0E,0x10,0x11,0x13,0x15,0x16,0x18,0x1A,0x1C,0x1E,0x20,0x22,0x25,
  37          0x27,0x29,0x2B,0x2E,0x30,0x33,0x35,0x38,0x3A,0x3D,0x40,0x43,0x45,0x48,0x4C,0x4E,
  38          0x51,0x55,0x57,0x5A,0x5D,0x60,0x63,0x66,0x69,0x6C,0x6F,0x72,0x76,0x79,0x7C,0x80};
  39          uchar *p = sin1;//??,?????
  40          uchar *p1 = sin1+255;//?????
  41          //????,del ms
  42          void Delay(int del){
  43   1        int i;
  44   1        while(--del!=0){//???12MHZ  ?? del  ms
  45   2          for(i = 0 ; i < 125; i++);//i??125,??1ms
  46   2        }
  47   1      }
  48          
  49          void Time0_Init( ){//??????,12MHZ??,??50ms
  50   1        TMOD = 0x01;//0000 0001
  51   1        TH0 = 0x3C;//??????3CB0H  15536
  52   1        TL0 = 0xB0;
  53   1        TR0 = 1;//??
  54   1      }
  55          
C51 COMPILER V9.53.0.0   WAVEFORM_TWO                                                      01/11/2019 15:16:06 PAGE 2   

  56          void Outside_Int(void) interrupt 0{//????0 
  57   1        if(fangbo == 0) flag = 1;
  58   1        if(juchi == 0) flag = 2;
  59   1        if(zhengxian == 0) flag = 3;
  60   1        if(sanjiao == 0) flag = 4;
  61   1        if(tixing == 0) flag = 5;
  62   1        if(p_add == 0){//????
  63   2          if(flag == 1){//??
  64   3            fangbo_delay_halfT = fangbo_delay_halfT-0.5;
  65   3          }
  66   2          if(flag == 2){//???
  67   3            juchi_delay_add = juchi_delay_add+1;
  68   3          }
  69   2          if(flag == 3){//???
  70   3            zhengxian_delay_add = zhengxian_delay_add+1;
  71   3          }
  72   2          if(flag == 4){//???
  73   3            sanjiao_delay_addorde = sanjiao_delay_addorde+1;
  74   3          }
  75   2          if(flag == 5){//???
  76   3            tixing_delay_f_addorde = tixing_delay_f_addorde+1;
  77   3          }
  78   2        } 
  79   1        if(p_decrease == 0){//????
  80   2          if(flag == 1){//??
  81   3            fangbo_delay_halfT = fangbo_delay_halfT+1;
  82   3          }
  83   2          if(flag == 2){//???
  84   3            juchi_delay_add = juchi_delay_add-1;
  85   3          }
  86   2          if(flag == 3){//???
  87   3            zhengxian_delay_add = zhengxian_delay_add-1;
  88   3          }
  89   2          if(flag == 4){//???
  90   3            sanjiao_delay_addorde = sanjiao_delay_addorde-1;
  91   3          }
  92   2          if(flag == 5){//???
  93   3            tixing_delay_f_addorde = tixing_delay_f_addorde-1;
  94   3          }
  95   2        } 
  96   1      }
  97          
  98          void Time0_Int( ) interrupt 1{//?????
  99   1        TH0 = 0xff;//???????,65504 ?? 8 us  ?????????????????????
 100   1        TL0 = 0xf8;
 101   1        if(flag == 1){//??
 102   2          P0=0x01;
 103   2          Delay(fangbo_delay_halfT);
 104   2          P0 = 0xfe;
 105   2          Delay(fangbo_delay_halfT);
 106   2        }
 107   1        if(flag == 2){//???
 108   2          P0 = juchif;
 109   2          juchif = juchif + juchi_delay_add;
 110   2          if(juchif >= 0xfe) juchif = 0x00;
 111   2        }
 112   1        if(flag == 3){//???
 113   2          P0 = *p;
 114   2          p = p + zhengxian_delay_add;
 115   2          if(p>= p1)
 116   2            p = sin1;
 117   2        }
C51 COMPILER V9.53.0.0   WAVEFORM_TWO                                                      01/11/2019 15:16:06 PAGE 3   

 118   1        if(flag == 4){//???
 119   2          P0=sanjiaof;
 120   2          if( f == 0) sanjiaof = sanjiaof + sanjiao_delay_addorde;
 121   2          if(sanjiaof >= 0xfe) f = 1;
 122   2          if( f == 1) sanjiaof = sanjiaof - sanjiao_delay_addorde;
 123   2          if(sanjiaof <= 0x01) f = 0;
 124   2        }
 125   1        if(flag == 5){//???
 126   2          P0=tixingf;
 127   2          if(f == 0) tixingf = tixingf + tixing_delay_f_addorde;
 128   2          if(tixingf >= 0xfe){
 129   3            f = 1;
 130   3          } 
 131   2          if( f == 1) tixingf = tixingf - tixing_delay_f_addorde;
 132   2          if(tixingf <= 0x01){
 133   3            f = 0;
 134   3            Delay(tixing_delay_f_peak);
 135   3          } 
 136   2          
 137   2        }
 138   1      }
 139          /*???*/
 140          void main(){
 141   1        Time0_Init( );
 142   1        IT0 = 1;//????0?????
 143   1        IE = 0x87;//???????1000 0111 ?????????0
 144   1        tixing_delay_f_peak=10*tixing_delay_f_addorde;
 145   1        while(1);
 146   1      }


MODULE INFORMATION:   STATIC OVERLAYABLE
   CODE SIZE        =    704    ----
   CONSTANT SIZE    =    256    ----
   XDATA SIZE       =   ----    ----
   PDATA SIZE       =   ----    ----
   DATA SIZE        =     28    ----
   IDATA SIZE       =   ----    ----
   BIT SIZE         =   ----    ----
END OF MODULE INFORMATION.


C51 COMPILATION COMPLETE.  0 WARNING(S),  0 ERROR(S)
