C51 COMPILER V9.53.0.0   WAVEFORMPROGRAMINKEIL                                             01/08/2019 21:24:52 PAGE 1   


C51 COMPILER V9.53.0.0, COMPILATION OF MODULE WAVEFORMPROGRAMINKEIL
OBJECT MODULE PLACED IN WaveformProgramInKeil.OBJ
COMPILER INVOKED BY: F:\keil\C51\BIN\C51.EXE WaveformProgramInKeil.c LARGE OPTIMIZE(8,SPEED) BROWSE DEBUG OBJECTEXTEND T
                    -ABS(2)

line level    source

   1          #include<reg51.h>
   2          #include<absacc.h>
   3          #include "timer.h"
   4          #define uint unsigned int;
   5          #define uchar unsigned char;
   6          //8?????,1-4????,5-7????
   7          sbit key1 = P3^0;
   8          sbit key2 = P3^1;
   9          sbit key3 = P3^2;
  10          sbit key4 = P3^3;
  11          sbit key5 = P3^4;
  12          //sbit key6 = P3^5;
  13          //sbit led1 = P3^7;
  14          /*????*/
  15          void delayms(unsigned int x){
  16   1        unsigned int i,j;
  17   1        for(i=x;i>0;i--){
  18   2          for(j = 110; j > 0;j--);
  19   2        }
  20   1      }
  21          /*????*/
  22          void keyscan(){
  23   1        if(key1 == 0&&key2 == 0){
  24   2          boxing = 1;
  25   2          n = 0;
  26   2        }
  27   1        if(key1 == 0&&key2 == 1){
  28   2          delayms(3);
  29   2          if(key1 == 0&&key2 == 1){
  30   3            boxing = 2;
  31   3            n = 0;
  32   3          }
  33   2        }
  34   1        if(key1 == 1&&key2 == 0){
  35   2          delayms(3);
  36   2          if(key1 == 1&&key2 == 0){
  37   3            boxing = 3;
  38   3            n = 0;
  39   3          }
  40   2        }
  41   1        if(key1 == 1&&key2 == 1){
  42   2          delayms(3);
  43   2          if(key1 == 1&&key2 == 1){
  44   3            boxing = 4;
  45   3            n = 0;
  46   3          }
  47   2        }
  48   1        if(key3 == 0&&key4 == 0&&key5 == 0){
  49   2          delayms(3);
  50   2          if(key3 == 0&&key4 == 0&&key5 == 0){
  51   3            FRE = 65146;
  52   3            pin = 1;
  53   3          }
  54   2        }
C51 COMPILER V9.53.0.0   WAVEFORMPROGRAMINKEIL                                             01/08/2019 21:24:52 PAGE 2   

  55   1        
  56   1        if(key3 == 0&&key4 == 0&&key5 == 1){
  57   2          delayms(3);
  58   2          if(key3 == 0&&key4 == 0&&key5 == 1){
  59   3            FRE = 65341;
  60   3            pin = 10;
  61   3          }
  62   2        }
  63   1        
  64   1        if(key3 == 0&&key4 == 1&&key5 == 0){
  65   2          delayms(3);
  66   2          if(key3 == 0&&key4 == 1&&key5 == 0){
  67   3            FRE = 65406;
  68   3            pin = 20;
  69   3          }
  70   2        }
  71   1        
  72   1        if(key3 == 0&&key4 == 1&&key5 == 1){
  73   2          delayms(3);
  74   2          if(key3 == 0&&key4 == 1&&key5 == 1){
  75   3            FRE = 65439;
  76   3            pin = 30;
  77   3          }
  78   2        }
  79   1        
  80   1        if(key3 == 1&&key4 == 0&&key5 == 0){
  81   2          delayms(3);
  82   2          if(key3 == 1&&key4 == 0&&key5 == 0){
  83   3            FRE = 65458;
  84   3            pin = 40;
  85   3          }
  86   2        }
  87   1        
  88   1        if(key3 == 1&&key4 == 0&&key5 == 1){
  89   2          delayms(3);
  90   2          if(key3 == 1&&key4 == 0&&key5 == 1){
  91   3            FRE = 65471;
  92   3            pin = 50;
  93   3          }
  94   2        }
  95   1        
  96   1        if(key3 == 1&&key4 == 1&&key5 == 0){
  97   2          delayms(3);
  98   2          if(key3 == 1&&key4 == 1&&key5 == 0){
  99   3            FRE = 65481;
 100   3            pin = 60;
 101   3          }
 102   2        }
 103   1        
 104   1        if(key3 == 1&&key4 == 1&&key5 == 1){
 105   2          delayms(3);
 106   2          if(key3 == 1&&key4 == 1&&key5 == 1){
 107   3            FRE = 65488;
 108   3            pin = 70;
 109   3          }
 110   2        }
 111   1      }
 112          
 113          /*???*/
 114          void main(){
 115   1        n = 0;//?????
 116   1        Timer0_Init();//?????
C51 COMPILER V9.53.0.0   WAVEFORMPROGRAMINKEIL                                             01/08/2019 21:24:52 PAGE 3   

 117   1        while(1){
 118   2          keyscan();
 119   2        }
 120   1      }
 121          
 122          /*????*/
 123          sbit led = P2^0;
 124          unsigned char i;
 125          unsigned int boxing = 1,pin = 10;
 126          unsigned int n,s,p;
 127          
 128          sintab[256]={0x80,0x83,0x86,0x89,0x8d,0x90,
 129          0x93,0x96,0x99,0x9c,0x9f,0xa2,0xa5,0xa8,0xab,0xae,0xb1,0xb4,0xb7,
 130          0xba,0xbc,0xbf,0xc2,0xc5,0xc7,0xca,0xcc,0xcf,0xd1,0xd4,0xd6,0xd8,
 131          0xda,0xdd,0xdf,0xe1,0xe3,0xe5,0xe7,0xe9,0xea,0xec,0xee,0xef,0xf1,
 132          0xf2,0xf4,0xf5,0xf6,0xf7,0xf8,0xf9,0xfa,0xfb,0xfc,0xfd,0xfd,0xfe,
 133          0xff,0xff,0xff,0xff,0xff,0xff,0xff,0xff,0xff,0xff,0xff,0xff,0xfe,
 134          0xfd,0xfd,0xfc,0xfb,0xfa,0xf9,0xf8,0xf7,0xf6,0xf5,0xf4,0xf2,0xf1,
 135          0xef,0xee,0xec,0xea,0xe9,0xe7,0xe5,0xe3,0xe1,0xde,0xdd,0xda,0xd8,
 136          0xd6,0xd4,0xd1,0xcf,0xcc,0xca,0xc7,0xc5,0xc2,0xbf,0xbc,0xba,0xb7,
 137          0xb4,0xb1,0xae,0xab,0xa8,0xa5,0xa2,0x9f,0x9c,0x99,0x96,0x93,0x90,
 138          0x8d,0x89,0x86,0x83,0x80,0x80,0x7c,0x79,0x76,0x72,0x6f,0x6c,0x69,
 139          0x66,0x63,0x60,0x5d,0x5a,0x57,0x55,0x51,0x4e,0x4c,0x48,0x45,0x43,
 140          0x40,0x3d,0x3a,0x38,0x35,0x33,0x30,0x2e,0x2b,0x29,0x27,0x25,0x22,
 141          0x20,0x1e,0x1c,0x1a,0x18,0x16,0x15,0x13,0x11,0x10,0x0e,0x0d,0x0b,
 142          0x0a,0x09,0x08,0x07,0x06,0x05,0x04,0x03,0x02,0x02,0x01,0x00,0x00,
 143          0x00,0x00,0x00,0x00,0x00,0x00,0x00,0x00,0x00,0x00,0x01,0x02,0x02,
 144          0x03,0x04,0x05,0x06,0x07,0x08,0x09,0x0a,0x0b,0x0d,0x0e,0x10,0x11,
 145          0x13,0x15,0x16,0x18,0x1a,0x1c,0x1e,0x20,0x22,0x25,0x27,0x29,0x2b,
 146          0x2e,0x30,0x33,0x35,0x38,0x3a,0x3d,0x40,0x43,0x45,0x48,0x4c,0x4e,
 147          0x51,0x55,0x57,0x5a,0x5d,0x60,0x63,0x66,0x69,0x6c,0x6f,0x72,0x76,
 148          0x79,0x7c,0x80};
 149          
 150          jctab[256]={ 0x00,0x02,0x04,0x06,0x08,0x0a,0x0c,0x0e,0x10,
 151            0x12,0x14,0x16,0x18,0x1a,0x1c,0x1e,0x20,0x22,0x24,0x26,0x28,0x2a,
 152            0x2c,0x2e,0x30,0x32,0x34,0x36,0x38,0x3a,0x3c,0x3e,0x40,0x42,0x44,
 153            0x46,0x48,0x4a,0x4c,0x4e,0x50,0x52,0x54,0x56,0x58,0x5a,0x5c,0x5e,
 154            0x60,0x62,0x64,0x66,0x68,0x6a,0x6c,0x6e,0x70,0x72,0x74,0x76,0x78,
 155            0x7a,0x7c,0x7e,0x80,0x82,0x84,0x86,0x88,0x8a,0x8c,0x8e,0x90,0x92,
 156            0x94,0x96,0x98,0x9a,0x9c,0x9e,0xa0,0xa2,0xa4,0xa6,0xa8,0xaa,0xac,
 157            0xae,0xb0,0xb2,0xb4,0xb6,0xb8,0xba,0xbc,0xbe,0xc0,0xc2,0xc4,0xc6,
 158            0xc8,0xca,0xcc,0xce,0xd0,0xd2,0xd4,0xd6,0xd8,0xda,0xdc,0xde,0xe0,
 159            0xe2,0xe4,0xe6,0xe8,0xea,0xec,0xee,0xf0,0xf2,0xf4,0xf6,0xf8,0xfa,
 160            0xfc,0xfe,0x00,0x02,0x04,0x06,0x08,0x0a,0x0c,0x0e,0x10,0x12,0x14,
 161            0x16,0x18,0x1a,0x1c,0x1e,0x20,0x22,0x24,0x26,0x28,0x2a,0x2c,0x2e,
 162            0x30,0x32,0x34,0x36,0x38,0x3a,0x3c,0x3e,0x40,0x42,0x44,0x46,0x48,
 163            0x4a,0x4c,0x4e,0x50,0x52,0x54,0x56,0x58,0x5a,0x5c,0x5e,0x60,0x62,
 164            0x64,0x66,0x68,0x6a,0x6c,0x6e,0x70,0x72,0x74,0x76,0x78,0x7a,0x7c,
 165            0x7e,0x80,0x82,0x84,0x86,0x88,0x8a,0x8c,0x8e,0x90,0x92,0x94,0x96,
 166            0x98,0x9a,0x9c,0x9e,0xa0,0xa2,0xa4,0xa6,0xa8,0xaa,0xac,0xae,0xb0,
 167            0xb2,0xb4,0xb6,0xb8,0xba,0xbc,0xbe,0xc0,0xc2,0xc4,0xc6,0xc8,0xca,
 168            0xcc,0xce,0xd0,0xd2,0xd4,0xd6,0xd8,0xda,0xdc,0xde,0xe0,0xe2,0xe4,
 169            0xe6,0xe8,0xea,0xec,0xee,0xf0,0xf2,0xf4,0xf6,0xf8,0xfa,0xfc,0xfe};
 170          
 171          sjtab[256]={0x00,0x02,0x04,0x06,0x08,0x0a,0x0c,
 172          0x0e,0x10,0x12,0x14,0x16,0x18,0x1a,0x1c,0x1e,0x20,0x22,0x24,0x26,
 173          0x28,0x2a,0x2c,0x2e,0x30,0x32,0x34,0x36,0x38,0x3a,0x3c,0x3e,0x40,
 174          0x42,0x44,0x46,0x48,0x4a,0x4c,0x4e,0x50,0x52,0x54,0x56,0x58,0x5a,
 175          0x5c,0x5e,0x60,0x62,0x64,0x66,0x68,0x6a,0x6c,0x6e,0x70,0x72,0x74,
 176          0x76,0x78,0x7a,0x7c,0x7e,0x80,0x82,0x84,0x86,0x88,0x8a,0x8c,0x8e,
 177          0x90,0x92,0x94,0x96,0x98,0x9a,0x9c,0x9e,0xa0,0xa2,0xa4,0xa6,0xa8,
 178          0xaa,0xac,0xae,0xb0,0xb2,0xb4,0xb6,0xb8,0xba,0xbc,0xbe,0xc0,0xc2,
C51 COMPILER V9.53.0.0   WAVEFORMPROGRAMINKEIL                                             01/08/2019 21:24:52 PAGE 4   

 179          0xc4,0xc6,0xc8,0xca,0xcc,0xce,0xd0,0xd2,0xd4,0xd6,0xd8,0xda,0xdc,
 180          0xde,0xe0,0xe2,0xe4,0xe6,0xe8,0xea,0xec,0xee,0xf0,0xf2,0xf4,0xf6,
 181          0xf8,0xfa,0xfc,0xfe,0xfe,0xfc,0xfa,0xf8,0xf6,0xf4,0xf2,0xf0,0xee,
 182          0xec,0xea,0xe8,0xe6,0xe4,0xe2,0xe0,0xde,0xdc,0xda,0xd8,0xd6,0xd4,
 183          0xd2,0xd0,0xce,0xcc,0xca,0xc8,0xc6,0xc4,0xc2,0xc0,0xbe,0xbc,0xba,
 184          0xb8,0xb6,0xb4,0xb2,0xb0,0xae,0xac,0xaa,0xa8,0xa6,0xa4,0xa2,0xa0,
 185          0x9e,0x9c,0x9a,0x98,0x96,0x94,0x92,0x90,0x8e,0x8c,0x8a,0x88,0x86,
 186          0x84,0x82,0x80,0x7e,0x7c,0x7a,0x78,0x76,0x74,0x72,0x70,0x6e,0x6c,
 187          0x6a,0x68,0x66,0x64,0x62,0x60,0x5e,0x5c,0x5a,0x58,0x56,0x54,0x52,
 188          0x50,0x4e,0x4c,0x4a,0x48,0x46,0x44,0x42,0x40,0x3e,0x3c,0x3a,0x38,
 189          0x36,0x34,0x32,0x30,0x2e,0x2c,0x2a,0x28,0x26,0x24,0x22,0x20,0x1e,
 190          0x1c,0x1a,0x18,0x16,0x14,0x12,0x10,0x0e,0x0c,0x0a,0x08,0x06,0x04,
 191          0x02,0x00};
 192          
 193          fbtab[256]={0x00,0x00,0x00,0x00,0x00,0x00,0x00,
 194          0x00,0x00,0x00,0x00,0x00,0x00,0x00,0x00,0x00,0x00,0x00,0x00,0x00,
 195          0x00,0x00,0x00,0x00,0x00,0x00,0x00,0x00,0x00,0x00,0x00,0x00,0x00,
 196          0x00,0x00,0x00,0x00,0x00,0x00,0x00,0x00,0x00,0x00,0x00,0x00,0x00,
 197          0x00,0x00,0x00,0x00,0x00,0x00,0x00,0x00,0x00,0x00,0x00,0x00,0x00,
 198          0x00,0x00,0x00,0x00,0x00,0x00,0x00,0x00,0x00,0x00,0x00,0x00,0x00,
 199          0x00,0x00,0x00,0x00,0x00,0x00,0x00,0x00,0x00,0x00,0x00,0x00,0x00,
 200          0x00,0x00,0x00,0x00,0x00,0x00,0x00,0x00,0x00,0x00,0x00,0x00,0x00,
 201          0x00,0x00,0x00,0x00,0x00,0x00,0x00,0x00,0x00,0x00,0x00,0x00,0x00,
 202          0x00,0x00,0x00,0x00,0x00,0x00,0x00,0x00,0x00,0x00,0x00,0x00,0x00,
 203          0x00,0x00,0x00,0x00,0xff,0xff,0xff,0xff,0xff,0xff,0xff,0xff,0xff,
 204          0xff,0xff,0xff,0xff,0xff,0xff,0xff,0xff,0xff,0xff,0xff,0xff,0xff,
 205          0xff,0xff,0xff,0xff,0xff,0xff,0xff,0xff,0xff,0xff,0xff,0xff,0xff,
 206          0xff,0xff,0xff,0xff,0xff,0xff,0xff,0xff,0xff,0xff,0xff,0xff,0xff,
 207          0xff,0xff,0xff,0xff,0xff,0xff,0xff,0xff,0xff,0xff,0xff,0xff,0xff,
 208          0xff,0xff,0xff,0xff,0xff,0xff,0xff,0xff,0xff,0xff,0xff,0xff,0xff,
 209          0xff,0xff,0xff,0xff,0xff,0xff,0xff,0xff,0xff,0xff,0xff,0xff,0xff,
 210          0xff,0xff,0xff,0xff,0xff,0xff,0xff,0xff,0xff,0xff,0xff,0xff,0xff,
 211          0xff,0xff,0xff,0xff,0xff,0xff,0xff,0xff,0xff,0xff,0xff,0xff,0xff,
 212          0xff,0xff,0xff,0xff,0xff,0xff,0xff,0xff,0xff,0xff,0xff,0xff,0xff,
 213          0xff,0xff,};
 214          
 215          void Timer0_Init(void){
 216   1        //0000 0001
 217   1        /*???1
 218   1          0?????TR0?TR1??????/??????
 219   1          0????  00??0,13????*/
 220   1        /*???0
 221   1          0?????TR0?TR1??????/??????
 222   1          0????  01??1,16????*/
 223   1        TMOD = 0x01;
 224   1        TH0 = FRE/256;
 225   1        TL0 = FRE-256*TH0;
 226   1        TR0 = 1;
 227   1        ET0 = 1;
 228   1        EA = 1;
 229   1      }
 230          
 231          void Timer0_Int(void) interrupt 1{
 232   1        TH0 = FRE/256;
 233   1        TL0 = FRE-256*TH0;
 234   1        i = i+1;
 235   1        switch(boxing){
 236   2          case 1:
 237   2            P1 = sintab[i];break;
 238   2          case 2:
 239   2            P1 = jctab[i];break;
 240   2          case 3:
C51 COMPILER V9.53.0.0   WAVEFORMPROGRAMINKEIL                                             01/08/2019 21:24:52 PAGE 5   

 241   2            P1 = fbtab[i];break;
 242   2          case 4:
 243   2            P1 = sjtab[i];break;
 244   2          default:
 245   2            break;
 246   2        }
 247   1      }


MODULE INFORMATION:   STATIC OVERLAYABLE
   CODE SIZE        =    667    ----
   CONSTANT SIZE    =   ----    ----
   XDATA SIZE       =   2059    ----
   PDATA SIZE       =   ----    ----
   DATA SIZE        =   ----    ----
   IDATA SIZE       =   ----    ----
   BIT SIZE         =   ----    ----
END OF MODULE INFORMATION.


C51 COMPILATION COMPLETE.  0 WARNING(S),  0 ERROR(S)
